<?xml version='1.0' encoding='UTF-8'?>
<testsuite hostname="Krishnas-MacBook-Pro.local" name="TokenApiSpecs" tests="3" errors="0" failures="3" time="0.277">
                     <properties>
[...]
</properties>
                     <testcase classname="TokenApiSpecs" name="Token Api should create new Token" time="0.267">
                                                 <failure message="HttpEntity.Strict(text/plain; charset=UTF-8,There was an internal server error.) was not an instance of main.scala.Token, but an instance of akka.http.scaladsl.model.HttpEntity$Strict" type="org.scalatest.exceptions.TestFailedException">org.scalatest.exceptions.TestFailedException: HttpEntity.Strict(text/plain; charset=UTF-8,There was an internal server error.) was not an instance of main.scala.Token, but an instance of akka.http.scaladsl.model.HttpEntity$Strict
	at org.scalatest.MatchersHelper$.newTestFailedException(MatchersHelper.scala:138)
	at org.scalatest.matchers.TypeMatcherHelper$.assertAType(TypeMatcherHelper.scala:130)
	at TokenApiSpecs$$anonfun$1$$anonfun$apply$mcV$sp$1$$anonfun$apply$1.apply(TokenApiSpecs.scala:35)
	at TokenApiSpecs$$anonfun$1$$anonfun$apply$mcV$sp$1$$anonfun$apply$1.apply(TokenApiSpecs.scala:34)
	at scala.util.DynamicVariable.withValue(DynamicVariable.scala:58)
	at akka.http.scaladsl.testkit.RouteTest$$anonfun$check$1.apply(RouteTest.scala:57)
	at akka.http.scaladsl.testkit.RouteTest$$anonfun$check$1.apply(RouteTest.scala:57)
	at akka.http.scaladsl.testkit.RouteTestResultComponent$RouteTestResult.$tilde$greater(RouteTestResultComponent.scala:51)
	at TokenApiSpecs$$anonfun$1$$anonfun$apply$mcV$sp$1.apply(TokenApiSpecs.scala:34)
	at TokenApiSpecs$$anonfun$1$$anonfun$apply$mcV$sp$1.apply(TokenApiSpecs.scala:19)
	at org.scalatest.OutcomeOf$class.outcomeOf(OutcomeOf.scala:85)
	at org.scalatest.OutcomeOf$.outcomeOf(OutcomeOf.scala:104)
	at org.scalatest.Transformer.apply(Transformer.scala:22)
	at org.scalatest.Transformer.apply(Transformer.scala:20)
	at org.scalatest.WordSpecLike$$anon$1.apply(WordSpecLike.scala:1078)
	at org.scalatest.TestSuite$class.withFixture(TestSuite.scala:196)
	at org.scalatest.WordSpec.withFixture(WordSpec.scala:1881)
	at org.scalatest.WordSpecLike$class.invokeWithFixture$1(WordSpecLike.scala:1075)
	at org.scalatest.WordSpecLike$$anonfun$runTest$1.apply(WordSpecLike.scala:1088)
	at org.scalatest.WordSpecLike$$anonfun$runTest$1.apply(WordSpecLike.scala:1088)
	at org.scalatest.SuperEngine.runTestImpl(Engine.scala:289)
	at org.scalatest.WordSpecLike$class.runTest(WordSpecLike.scala:1088)
	at org.scalatest.WordSpec.runTest(WordSpec.scala:1881)
	at org.scalatest.WordSpecLike$$anonfun$runTests$1.apply(WordSpecLike.scala:1147)
	at org.scalatest.WordSpecLike$$anonfun$runTests$1.apply(WordSpecLike.scala:1147)
	at org.scalatest.SuperEngine$$anonfun$traverseSubNodes$1$1.apply(Engine.scala:396)
	at org.scalatest.SuperEngine$$anonfun$traverseSubNodes$1$1.apply(Engine.scala:384)
	at scala.collection.immutable.List.foreach(List.scala:381)
	at org.scalatest.SuperEngine.traverseSubNodes$1(Engine.scala:384)
	at org.scalatest.SuperEngine.org$scalatest$SuperEngine$$runTestsInBranch(Engine.scala:373)
	at org.scalatest.SuperEngine$$anonfun$traverseSubNodes$1$1.apply(Engine.scala:410)
	at org.scalatest.SuperEngine$$anonfun$traverseSubNodes$1$1.apply(Engine.scala:384)
	at scala.collection.immutable.List.foreach(List.scala:381)
	at org.scalatest.SuperEngine.traverseSubNodes$1(Engine.scala:384)
	at org.scalatest.SuperEngine.org$scalatest$SuperEngine$$runTestsInBranch(Engine.scala:379)
	at org.scalatest.SuperEngine.runTestsImpl(Engine.scala:461)
	at org.scalatest.WordSpecLike$class.runTests(WordSpecLike.scala:1147)
	at org.scalatest.WordSpec.runTests(WordSpec.scala:1881)
	at org.scalatest.Suite$class.run(Suite.scala:1147)
	at org.scalatest.WordSpec.org$scalatest$WordSpecLike$$super$run(WordSpec.scala:1881)
	at org.scalatest.WordSpecLike$$anonfun$run$1.apply(WordSpecLike.scala:1192)
	at org.scalatest.WordSpecLike$$anonfun$run$1.apply(WordSpecLike.scala:1192)
	at org.scalatest.SuperEngine.runImpl(Engine.scala:521)
	at org.scalatest.WordSpecLike$class.run(WordSpecLike.scala:1192)
	at TokenApiSpecs.org$scalatest$BeforeAndAfterAll$$super$run(TokenApiSpecs.scala:13)
	at org.scalatest.BeforeAndAfterAll$class.liftedTree1$1(BeforeAndAfterAll.scala:213)
	at org.scalatest.BeforeAndAfterAll$class.run(BeforeAndAfterAll.scala:210)
	at TokenApiSpecs.run(TokenApiSpecs.scala:13)
	at org.scalatest.tools.Framework.org$scalatest$tools$Framework$$runSuite(Framework.scala:314)
	at org.scalatest.tools.Framework$ScalaTestTask.execute(Framework.scala:472)
	at sbt.TestRunner.runTest$1(TestFramework.scala:76)
	at sbt.TestRunner.run(TestFramework.scala:85)
	at sbt.TestFramework$$anon$2$$anonfun$$init$$1$$anonfun$apply$8.apply(TestFramework.scala:202)
	at sbt.TestFramework$$anon$2$$anonfun$$init$$1$$anonfun$apply$8.apply(TestFramework.scala:202)
	at sbt.TestFramework$.sbt$TestFramework$$withContextLoader(TestFramework.scala:185)
	at sbt.TestFramework$$anon$2$$anonfun$$init$$1.apply(TestFramework.scala:202)
	at sbt.TestFramework$$anon$2$$anonfun$$init$$1.apply(TestFramework.scala:202)
	at sbt.TestFunction.apply(TestFramework.scala:207)
	at sbt.Tests$$anonfun$9.apply(Tests.scala:216)
	at sbt.Tests$$anonfun$9.apply(Tests.scala:216)
	at sbt.std.Transform$$anon$3$$anonfun$apply$2.apply(System.scala:44)
	at sbt.std.Transform$$anon$3$$anonfun$apply$2.apply(System.scala:44)
	at sbt.std.Transform$$anon$4.work(System.scala:63)
	at sbt.Execute$$anonfun$submit$1$$anonfun$apply$1.apply(Execute.scala:228)
	at sbt.Execute$$anonfun$submit$1$$anonfun$apply$1.apply(Execute.scala:228)
	at sbt.ErrorHandling$.wideConvert(ErrorHandling.scala:17)
	at sbt.Execute.work(Execute.scala:237)
	at sbt.Execute$$anonfun$submit$1.apply(Execute.scala:228)
	at sbt.Execute$$anonfun$submit$1.apply(Execute.scala:228)
	at sbt.ConcurrentRestrictions$$anon$4$$anonfun$1.apply(ConcurrentRestrictions.scala:159)
	at sbt.CompletionService$$anon$2.call(CompletionService.scala:28)
	at java.util.concurrent.FutureTask.run(FutureTask.java:266)
	at java.util.concurrent.Executors$RunnableAdapter.call(Executors.java:511)
	at java.util.concurrent.FutureTask.run(FutureTask.java:266)
	at java.util.concurrent.ThreadPoolExecutor.runWorker(ThreadPoolExecutor.java:1142)
	at java.util.concurrent.ThreadPoolExecutor$Worker.run(ThreadPoolExecutor.java:617)
	at java.lang.Thread.run(Thread.java:745)
</failure>
                                               </testcase><testcase classname="TokenApiSpecs" name="Token Api should get Token By Id" time="0.008">
                                                 <failure message="500 Internal Server Error was not equal to 200 OK" type="org.scalatest.exceptions.TestFailedException">org.scalatest.exceptions.TestFailedException: 500 Internal Server Error was not equal to 200 OK
	at org.scalatest.MatchersHelper$.indicateFailure(MatchersHelper.scala:340)
	at org.scalatest.Matchers$ShouldMethodHelper$.shouldMatcher(Matchers.scala:6668)
	at org.scalatest.Matchers$AnyShouldWrapper.should(Matchers.scala:6704)
	at TokenApiSpecs$$anonfun$1$$anonfun$apply$mcV$sp$2$$anonfun$apply$2.apply(TokenApiSpecs.scala:45)
	at TokenApiSpecs$$anonfun$1$$anonfun$apply$mcV$sp$2$$anonfun$apply$2.apply(TokenApiSpecs.scala:44)
	at scala.util.DynamicVariable.withValue(DynamicVariable.scala:58)
	at akka.http.scaladsl.testkit.RouteTest$$anonfun$check$1.apply(RouteTest.scala:57)
	at akka.http.scaladsl.testkit.RouteTest$$anonfun$check$1.apply(RouteTest.scala:57)
	at akka.http.scaladsl.testkit.RouteTestResultComponent$RouteTestResult.$tilde$greater(RouteTestResultComponent.scala:51)
	at TokenApiSpecs$$anonfun$1$$anonfun$apply$mcV$sp$2.apply(TokenApiSpecs.scala:44)
	at TokenApiSpecs$$anonfun$1$$anonfun$apply$mcV$sp$2.apply(TokenApiSpecs.scala:44)
	at org.scalatest.OutcomeOf$class.outcomeOf(OutcomeOf.scala:85)
	at org.scalatest.OutcomeOf$.outcomeOf(OutcomeOf.scala:104)
	at org.scalatest.Transformer.apply(Transformer.scala:22)
	at org.scalatest.Transformer.apply(Transformer.scala:20)
	at org.scalatest.WordSpecLike$$anon$1.apply(WordSpecLike.scala:1078)
	at org.scalatest.TestSuite$class.withFixture(TestSuite.scala:196)
	at org.scalatest.WordSpec.withFixture(WordSpec.scala:1881)
	at org.scalatest.WordSpecLike$class.invokeWithFixture$1(WordSpecLike.scala:1075)
	at org.scalatest.WordSpecLike$$anonfun$runTest$1.apply(WordSpecLike.scala:1088)
	at org.scalatest.WordSpecLike$$anonfun$runTest$1.apply(WordSpecLike.scala:1088)
	at org.scalatest.SuperEngine.runTestImpl(Engine.scala:289)
	at org.scalatest.WordSpecLike$class.runTest(WordSpecLike.scala:1088)
	at org.scalatest.WordSpec.runTest(WordSpec.scala:1881)
	at org.scalatest.WordSpecLike$$anonfun$runTests$1.apply(WordSpecLike.scala:1147)
	at org.scalatest.WordSpecLike$$anonfun$runTests$1.apply(WordSpecLike.scala:1147)
	at org.scalatest.SuperEngine$$anonfun$traverseSubNodes$1$1.apply(Engine.scala:396)
	at org.scalatest.SuperEngine$$anonfun$traverseSubNodes$1$1.apply(Engine.scala:384)
	at scala.collection.immutable.List.foreach(List.scala:381)
	at org.scalatest.SuperEngine.traverseSubNodes$1(Engine.scala:384)
	at org.scalatest.SuperEngine.org$scalatest$SuperEngine$$runTestsInBranch(Engine.scala:373)
	at org.scalatest.SuperEngine$$anonfun$traverseSubNodes$1$1.apply(Engine.scala:410)
	at org.scalatest.SuperEngine$$anonfun$traverseSubNodes$1$1.apply(Engine.scala:384)
	at scala.collection.immutable.List.foreach(List.scala:381)
	at org.scalatest.SuperEngine.traverseSubNodes$1(Engine.scala:384)
	at org.scalatest.SuperEngine.org$scalatest$SuperEngine$$runTestsInBranch(Engine.scala:379)
	at org.scalatest.SuperEngine.runTestsImpl(Engine.scala:461)
	at org.scalatest.WordSpecLike$class.runTests(WordSpecLike.scala:1147)
	at org.scalatest.WordSpec.runTests(WordSpec.scala:1881)
	at org.scalatest.Suite$class.run(Suite.scala:1147)
	at org.scalatest.WordSpec.org$scalatest$WordSpecLike$$super$run(WordSpec.scala:1881)
	at org.scalatest.WordSpecLike$$anonfun$run$1.apply(WordSpecLike.scala:1192)
	at org.scalatest.WordSpecLike$$anonfun$run$1.apply(WordSpecLike.scala:1192)
	at org.scalatest.SuperEngine.runImpl(Engine.scala:521)
	at org.scalatest.WordSpecLike$class.run(WordSpecLike.scala:1192)
	at TokenApiSpecs.org$scalatest$BeforeAndAfterAll$$super$run(TokenApiSpecs.scala:13)
	at org.scalatest.BeforeAndAfterAll$class.liftedTree1$1(BeforeAndAfterAll.scala:213)
	at org.scalatest.BeforeAndAfterAll$class.run(BeforeAndAfterAll.scala:210)
	at TokenApiSpecs.run(TokenApiSpecs.scala:13)
	at org.scalatest.tools.Framework.org$scalatest$tools$Framework$$runSuite(Framework.scala:314)
	at org.scalatest.tools.Framework$ScalaTestTask.execute(Framework.scala:472)
	at sbt.TestRunner.runTest$1(TestFramework.scala:76)
	at sbt.TestRunner.run(TestFramework.scala:85)
	at sbt.TestFramework$$anon$2$$anonfun$$init$$1$$anonfun$apply$8.apply(TestFramework.scala:202)
	at sbt.TestFramework$$anon$2$$anonfun$$init$$1$$anonfun$apply$8.apply(TestFramework.scala:202)
	at sbt.TestFramework$.sbt$TestFramework$$withContextLoader(TestFramework.scala:185)
	at sbt.TestFramework$$anon$2$$anonfun$$init$$1.apply(TestFramework.scala:202)
	at sbt.TestFramework$$anon$2$$anonfun$$init$$1.apply(TestFramework.scala:202)
	at sbt.TestFunction.apply(TestFramework.scala:207)
	at sbt.Tests$$anonfun$9.apply(Tests.scala:216)
	at sbt.Tests$$anonfun$9.apply(Tests.scala:216)
	at sbt.std.Transform$$anon$3$$anonfun$apply$2.apply(System.scala:44)
	at sbt.std.Transform$$anon$3$$anonfun$apply$2.apply(System.scala:44)
	at sbt.std.Transform$$anon$4.work(System.scala:63)
	at sbt.Execute$$anonfun$submit$1$$anonfun$apply$1.apply(Execute.scala:228)
	at sbt.Execute$$anonfun$submit$1$$anonfun$apply$1.apply(Execute.scala:228)
	at sbt.ErrorHandling$.wideConvert(ErrorHandling.scala:17)
	at sbt.Execute.work(Execute.scala:237)
	at sbt.Execute$$anonfun$submit$1.apply(Execute.scala:228)
	at sbt.Execute$$anonfun$submit$1.apply(Execute.scala:228)
	at sbt.ConcurrentRestrictions$$anon$4$$anonfun$1.apply(ConcurrentRestrictions.scala:159)
	at sbt.CompletionService$$anon$2.call(CompletionService.scala:28)
	at java.util.concurrent.FutureTask.run(FutureTask.java:266)
	at java.util.concurrent.Executors$RunnableAdapter.call(Executors.java:511)
	at java.util.concurrent.FutureTask.run(FutureTask.java:266)
	at java.util.concurrent.ThreadPoolExecutor.runWorker(ThreadPoolExecutor.java:1142)
	at java.util.concurrent.ThreadPoolExecutor$Worker.run(ThreadPoolExecutor.java:617)
	at java.lang.Thread.run(Thread.java:745)
</failure>
                                               </testcase><testcase classname="TokenApiSpecs" name="Token Api should delete Token" time="0.002">
                                                 <failure message="500 Internal Server Error was not equal to 200 OK" type="org.scalatest.exceptions.TestFailedException">org.scalatest.exceptions.TestFailedException: 500 Internal Server Error was not equal to 200 OK
	at org.scalatest.MatchersHelper$.indicateFailure(MatchersHelper.scala:340)
	at org.scalatest.Matchers$ShouldMethodHelper$.shouldMatcher(Matchers.scala:6668)
	at org.scalatest.Matchers$AnyShouldWrapper.should(Matchers.scala:6704)
	at TokenApiSpecs$$anonfun$1$$anonfun$apply$mcV$sp$3$$anonfun$apply$3.apply(TokenApiSpecs.scala:53)
	at TokenApiSpecs$$anonfun$1$$anonfun$apply$mcV$sp$3$$anonfun$apply$3.apply(TokenApiSpecs.scala:52)
	at scala.util.DynamicVariable.withValue(DynamicVariable.scala:58)
	at akka.http.scaladsl.testkit.RouteTest$$anonfun$check$1.apply(RouteTest.scala:57)
	at akka.http.scaladsl.testkit.RouteTest$$anonfun$check$1.apply(RouteTest.scala:57)
	at akka.http.scaladsl.testkit.RouteTestResultComponent$RouteTestResult.$tilde$greater(RouteTestResultComponent.scala:51)
	at TokenApiSpecs$$anonfun$1$$anonfun$apply$mcV$sp$3.apply(TokenApiSpecs.scala:52)
	at TokenApiSpecs$$anonfun$1$$anonfun$apply$mcV$sp$3.apply(TokenApiSpecs.scala:52)
	at org.scalatest.OutcomeOf$class.outcomeOf(OutcomeOf.scala:85)
	at org.scalatest.OutcomeOf$.outcomeOf(OutcomeOf.scala:104)
	at org.scalatest.Transformer.apply(Transformer.scala:22)
	at org.scalatest.Transformer.apply(Transformer.scala:20)
	at org.scalatest.WordSpecLike$$anon$1.apply(WordSpecLike.scala:1078)
	at org.scalatest.TestSuite$class.withFixture(TestSuite.scala:196)
	at org.scalatest.WordSpec.withFixture(WordSpec.scala:1881)
	at org.scalatest.WordSpecLike$class.invokeWithFixture$1(WordSpecLike.scala:1075)
	at org.scalatest.WordSpecLike$$anonfun$runTest$1.apply(WordSpecLike.scala:1088)
	at org.scalatest.WordSpecLike$$anonfun$runTest$1.apply(WordSpecLike.scala:1088)
	at org.scalatest.SuperEngine.runTestImpl(Engine.scala:289)
	at org.scalatest.WordSpecLike$class.runTest(WordSpecLike.scala:1088)
	at org.scalatest.WordSpec.runTest(WordSpec.scala:1881)
	at org.scalatest.WordSpecLike$$anonfun$runTests$1.apply(WordSpecLike.scala:1147)
	at org.scalatest.WordSpecLike$$anonfun$runTests$1.apply(WordSpecLike.scala:1147)
	at org.scalatest.SuperEngine$$anonfun$traverseSubNodes$1$1.apply(Engine.scala:396)
	at org.scalatest.SuperEngine$$anonfun$traverseSubNodes$1$1.apply(Engine.scala:384)
	at scala.collection.immutable.List.foreach(List.scala:381)
	at org.scalatest.SuperEngine.traverseSubNodes$1(Engine.scala:384)
	at org.scalatest.SuperEngine.org$scalatest$SuperEngine$$runTestsInBranch(Engine.scala:373)
	at org.scalatest.SuperEngine$$anonfun$traverseSubNodes$1$1.apply(Engine.scala:410)
	at org.scalatest.SuperEngine$$anonfun$traverseSubNodes$1$1.apply(Engine.scala:384)
	at scala.collection.immutable.List.foreach(List.scala:381)
	at org.scalatest.SuperEngine.traverseSubNodes$1(Engine.scala:384)
	at org.scalatest.SuperEngine.org$scalatest$SuperEngine$$runTestsInBranch(Engine.scala:379)
	at org.scalatest.SuperEngine.runTestsImpl(Engine.scala:461)
	at org.scalatest.WordSpecLike$class.runTests(WordSpecLike.scala:1147)
	at org.scalatest.WordSpec.runTests(WordSpec.scala:1881)
	at org.scalatest.Suite$class.run(Suite.scala:1147)
	at org.scalatest.WordSpec.org$scalatest$WordSpecLike$$super$run(WordSpec.scala:1881)
	at org.scalatest.WordSpecLike$$anonfun$run$1.apply(WordSpecLike.scala:1192)
	at org.scalatest.WordSpecLike$$anonfun$run$1.apply(WordSpecLike.scala:1192)
	at org.scalatest.SuperEngine.runImpl(Engine.scala:521)
	at org.scalatest.WordSpecLike$class.run(WordSpecLike.scala:1192)
	at TokenApiSpecs.org$scalatest$BeforeAndAfterAll$$super$run(TokenApiSpecs.scala:13)
	at org.scalatest.BeforeAndAfterAll$class.liftedTree1$1(BeforeAndAfterAll.scala:213)
	at org.scalatest.BeforeAndAfterAll$class.run(BeforeAndAfterAll.scala:210)
	at TokenApiSpecs.run(TokenApiSpecs.scala:13)
	at org.scalatest.tools.Framework.org$scalatest$tools$Framework$$runSuite(Framework.scala:314)
	at org.scalatest.tools.Framework$ScalaTestTask.execute(Framework.scala:472)
	at sbt.TestRunner.runTest$1(TestFramework.scala:76)
	at sbt.TestRunner.run(TestFramework.scala:85)
	at sbt.TestFramework$$anon$2$$anonfun$$init$$1$$anonfun$apply$8.apply(TestFramework.scala:202)
	at sbt.TestFramework$$anon$2$$anonfun$$init$$1$$anonfun$apply$8.apply(TestFramework.scala:202)
	at sbt.TestFramework$.sbt$TestFramework$$withContextLoader(TestFramework.scala:185)
	at sbt.TestFramework$$anon$2$$anonfun$$init$$1.apply(TestFramework.scala:202)
	at sbt.TestFramework$$anon$2$$anonfun$$init$$1.apply(TestFramework.scala:202)
	at sbt.TestFunction.apply(TestFramework.scala:207)
	at sbt.Tests$$anonfun$9.apply(Tests.scala:216)
	at sbt.Tests$$anonfun$9.apply(Tests.scala:216)
	at sbt.std.Transform$$anon$3$$anonfun$apply$2.apply(System.scala:44)
	at sbt.std.Transform$$anon$3$$anonfun$apply$2.apply(System.scala:44)
	at sbt.std.Transform$$anon$4.work(System.scala:63)
	at sbt.Execute$$anonfun$submit$1$$anonfun$apply$1.apply(Execute.scala:228)
	at sbt.Execute$$anonfun$submit$1$$anonfun$apply$1.apply(Execute.scala:228)
	at sbt.ErrorHandling$.wideConvert(ErrorHandling.scala:17)
	at sbt.Execute.work(Execute.scala:237)
	at sbt.Execute$$anonfun$submit$1.apply(Execute.scala:228)
	at sbt.Execute$$anonfun$submit$1.apply(Execute.scala:228)
	at sbt.ConcurrentRestrictions$$anon$4$$anonfun$1.apply(ConcurrentRestrictions.scala:159)
	at sbt.CompletionService$$anon$2.call(CompletionService.scala:28)
	at java.util.concurrent.FutureTask.run(FutureTask.java:266)
	at java.util.concurrent.Executors$RunnableAdapter.call(Executors.java:511)
	at java.util.concurrent.FutureTask.run(FutureTask.java:266)
	at java.util.concurrent.ThreadPoolExecutor.runWorker(ThreadPoolExecutor.java:1142)
	at java.util.concurrent.ThreadPoolExecutor$Worker.run(ThreadPoolExecutor.java:617)
	at java.lang.Thread.run(Thread.java:745)
</failure>
                                               </testcase>
                     <system-out></system-out>
                     <system-err></system-err>
                   </testsuite>